<?xml version="1.0" encoding="UTF-8"?>
<testsuite xmlns:xsi="http://www.w3.org/2001/XMLSchema-instance" xsi:noNamespaceSchemaLocation="https://maven.apache.org/surefire/maven-surefire-plugin/xsd/surefire-test-report.xsd" name="com.togoinov.user.UserServiceApplicationTests" time="2.668" tests="1" errors="0" skipped="0" failures="0">
  <properties>
    <property name="java.specification.version" value="15"/>
    <property name="sun.jnu.encoding" value="UTF-8"/>
    <property name="java.class.path" value="/home/bernard/development/togoinov/user-service/target/test-classes:/home/bernard/development/togoinov/user-service/target/classes:/home/bernard/.m2/repository/org/springframework/boot/spring-boot-starter-data-jdbc/2.6.5/spring-boot-starter-data-jdbc-2.6.5.jar:/home/bernard/.m2/repository/org/springframework/boot/spring-boot-starter-jdbc/2.6.5/spring-boot-starter-jdbc-2.6.5.jar:/home/bernard/.m2/repository/com/zaxxer/HikariCP/4.0.3/HikariCP-4.0.3.jar:/home/bernard/.m2/repository/org/springframework/spring-jdbc/5.3.17/spring-jdbc-5.3.17.jar:/home/bernard/.m2/repository/org/springframework/data/spring-data-jdbc/2.3.3/spring-data-jdbc-2.3.3.jar:/home/bernard/.m2/repository/org/springframework/data/spring-data-relational/2.3.3/spring-data-relational-2.3.3.jar:/home/bernard/.m2/repository/org/springframework/data/spring-data-commons/2.6.3/spring-data-commons-2.6.3.jar:/home/bernard/.m2/repository/org/springframework/spring-tx/5.3.17/spring-tx-5.3.17.jar:/home/bernard/.m2/repository/org/springframework/spring-context/5.3.17/spring-context-5.3.17.jar:/home/bernard/.m2/repository/org/springframework/spring-expression/5.3.17/spring-expression-5.3.17.jar:/home/bernard/.m2/repository/org/springframework/spring-beans/5.3.17/spring-beans-5.3.17.jar:/home/bernard/.m2/repository/org/slf4j/slf4j-api/1.7.36/slf4j-api-1.7.36.jar:/home/bernard/.m2/repository/org/springframework/boot/spring-boot-starter-data-jpa/2.6.5/spring-boot-starter-data-jpa-2.6.5.jar:/home/bernard/.m2/repository/org/springframework/boot/spring-boot-starter-aop/2.6.5/spring-boot-starter-aop-2.6.5.jar:/home/bernard/.m2/repository/org/springframework/spring-aop/5.3.17/spring-aop-5.3.17.jar:/home/bernard/.m2/repository/org/aspectj/aspectjweaver/1.9.7/aspectjweaver-1.9.7.jar:/home/bernard/.m2/repository/jakarta/transaction/jakarta.transaction-api/1.3.3/jakarta.transaction-api-1.3.3.jar:/home/bernard/.m2/repository/jakarta/persistence/jakarta.persistence-api/2.2.3/jakarta.persistence-api-2.2.3.jar:/home/bernard/.m2/repository/org/hibernate/hibernate-core/5.6.7.Final/hibernate-core-5.6.7.Final.jar:/home/bernard/.m2/repository/org/jboss/logging/jboss-logging/3.4.3.Final/jboss-logging-3.4.3.Final.jar:/home/bernard/.m2/repository/net/bytebuddy/byte-buddy/1.11.22/byte-buddy-1.11.22.jar:/home/bernard/.m2/repository/antlr/antlr/2.7.7/antlr-2.7.7.jar:/home/bernard/.m2/repository/org/jboss/jandex/2.4.2.Final/jandex-2.4.2.Final.jar:/home/bernard/.m2/repository/com/fasterxml/classmate/1.5.1/classmate-1.5.1.jar:/home/bernard/.m2/repository/org/hibernate/common/hibernate-commons-annotations/5.1.2.Final/hibernate-commons-annotations-5.1.2.Final.jar:/home/bernard/.m2/repository/org/glassfish/jaxb/jaxb-runtime/2.3.6/jaxb-runtime-2.3.6.jar:/home/bernard/.m2/repository/org/glassfish/jaxb/txw2/2.3.6/txw2-2.3.6.jar:/home/bernard/.m2/repository/com/sun/istack/istack-commons-runtime/3.0.12/istack-commons-runtime-3.0.12.jar:/home/bernard/.m2/repository/com/sun/activation/jakarta.activation/1.2.2/jakarta.activation-1.2.2.jar:/home/bernard/.m2/repository/org/springframework/data/spring-data-jpa/2.6.3/spring-data-jpa-2.6.3.jar:/home/bernard/.m2/repository/org/springframework/spring-orm/5.3.17/spring-orm-5.3.17.jar:/home/bernard/.m2/repository/org/springframework/spring-aspects/5.3.17/spring-aspects-5.3.17.jar:/home/bernard/.m2/repository/org/flywaydb/flyway-core/8.0.5/flyway-core-8.0.5.jar:/home/bernard/.m2/repository/org/springframework/boot/spring-boot-devtools/2.6.5/spring-boot-devtools-2.6.5.jar:/home/bernard/.m2/repository/org/springframework/boot/spring-boot/2.6.5/spring-boot-2.6.5.jar:/home/bernard/.m2/repository/org/springframework/boot/spring-boot-autoconfigure/2.6.5/spring-boot-autoconfigure-2.6.5.jar:/home/bernard/.m2/repository/org/postgresql/postgresql/42.3.3/postgresql-42.3.3.jar:/home/bernard/.m2/repository/org/checkerframework/checker-qual/3.5.0/checker-qual-3.5.0.jar:/home/bernard/.m2/repository/org/projectlombok/lombok/1.18.22/lombok-1.18.22.jar:/home/bernard/.m2/repository/org/springframework/boot/spring-boot-starter-test/2.6.5/spring-boot-starter-test-2.6.5.jar:/home/bernard/.m2/repository/org/springframework/boot/spring-boot-starter/2.6.5/spring-boot-starter-2.6.5.jar:/home/bernard/.m2/repository/org/springframework/boot/spring-boot-starter-logging/2.6.5/spring-boot-starter-logging-2.6.5.jar:/home/bernard/.m2/repository/ch/qos/logback/logback-classic/1.2.11/logback-classic-1.2.11.jar:/home/bernard/.m2/repository/ch/qos/logback/logback-core/1.2.11/logback-core-1.2.11.jar:/home/bernard/.m2/repository/org/apache/logging/log4j/log4j-to-slf4j/2.17.2/log4j-to-slf4j-2.17.2.jar:/home/bernard/.m2/repository/org/apache/logging/log4j/log4j-api/2.17.2/log4j-api-2.17.2.jar:/home/bernard/.m2/repository/org/slf4j/jul-to-slf4j/1.7.36/jul-to-slf4j-1.7.36.jar:/home/bernard/.m2/repository/jakarta/annotation/jakarta.annotation-api/1.3.5/jakarta.annotation-api-1.3.5.jar:/home/bernard/.m2/repository/org/yaml/snakeyaml/1.29/snakeyaml-1.29.jar:/home/bernard/.m2/repository/org/springframework/boot/spring-boot-test/2.6.5/spring-boot-test-2.6.5.jar:/home/bernard/.m2/repository/org/springframework/boot/spring-boot-test-autoconfigure/2.6.5/spring-boot-test-autoconfigure-2.6.5.jar:/home/bernard/.m2/repository/com/jayway/jsonpath/json-path/2.6.0/json-path-2.6.0.jar:/home/bernard/.m2/repository/net/minidev/json-smart/2.4.8/json-smart-2.4.8.jar:/home/bernard/.m2/repository/net/minidev/accessors-smart/2.4.8/accessors-smart-2.4.8.jar:/home/bernard/.m2/repository/org/ow2/asm/asm/9.1/asm-9.1.jar:/home/bernard/.m2/repository/jakarta/xml/bind/jakarta.xml.bind-api/2.3.3/jakarta.xml.bind-api-2.3.3.jar:/home/bernard/.m2/repository/jakarta/activation/jakarta.activation-api/1.2.2/jakarta.activation-api-1.2.2.jar:/home/bernard/.m2/repository/org/assertj/assertj-core/3.21.0/assertj-core-3.21.0.jar:/home/bernard/.m2/repository/org/hamcrest/hamcrest/2.2/hamcrest-2.2.jar:/home/bernard/.m2/repository/org/junit/jupiter/junit-jupiter/5.8.2/junit-jupiter-5.8.2.jar:/home/bernard/.m2/repository/org/junit/jupiter/junit-jupiter-api/5.8.2/junit-jupiter-api-5.8.2.jar:/home/bernard/.m2/repository/org/opentest4j/opentest4j/1.2.0/opentest4j-1.2.0.jar:/home/bernard/.m2/repository/org/junit/platform/junit-platform-commons/1.8.2/junit-platform-commons-1.8.2.jar:/home/bernard/.m2/repository/org/apiguardian/apiguardian-api/1.1.2/apiguardian-api-1.1.2.jar:/home/bernard/.m2/repository/org/junit/jupiter/junit-jupiter-params/5.8.2/junit-jupiter-params-5.8.2.jar:/home/bernard/.m2/repository/org/junit/jupiter/junit-jupiter-engine/5.8.2/junit-jupiter-engine-5.8.2.jar:/home/bernard/.m2/repository/org/junit/platform/junit-platform-engine/1.8.2/junit-platform-engine-1.8.2.jar:/home/bernard/.m2/repository/org/mockito/mockito-core/4.0.0/mockito-core-4.0.0.jar:/home/bernard/.m2/repository/net/bytebuddy/byte-buddy-agent/1.11.22/byte-buddy-agent-1.11.22.jar:/home/bernard/.m2/repository/org/objenesis/objenesis/3.2/objenesis-3.2.jar:/home/bernard/.m2/repository/org/mockito/mockito-junit-jupiter/4.0.0/mockito-junit-jupiter-4.0.0.jar:/home/bernard/.m2/repository/org/skyscreamer/jsonassert/1.5.0/jsonassert-1.5.0.jar:/home/bernard/.m2/repository/com/vaadin/external/google/android-json/0.0.20131108.vaadin1/android-json-0.0.20131108.vaadin1.jar:/home/bernard/.m2/repository/org/springframework/spring-core/5.3.17/spring-core-5.3.17.jar:/home/bernard/.m2/repository/org/springframework/spring-jcl/5.3.17/spring-jcl-5.3.17.jar:/home/bernard/.m2/repository/org/springframework/spring-test/5.3.17/spring-test-5.3.17.jar:/home/bernard/.m2/repository/org/xmlunit/xmlunit-core/2.8.4/xmlunit-core-2.8.4.jar:"/>
    <property name="java.vm.vendor" value="Oracle Corporation"/>
    <property name="sun.arch.data.model" value="64"/>
    <property name="java.vendor.url" value="https://java.oracle.com/"/>
    <property name="os.name" value="Linux"/>
    <property name="java.vm.specification.version" value="15"/>
    <property name="sun.java.launcher" value="SUN_STANDARD"/>
    <property name="user.country" value="US"/>
    <property name="sun.boot.library.path" value="/usr/lib/jvm/java-15-oracle/lib"/>
    <property name="sun.java.command" value="/home/bernard/development/togoinov/user-service/target/surefire/surefirebooter15139114403827128978.jar /home/bernard/development/togoinov/user-service/target/surefire 2022-03-28T08-15-00_615-jvmRun1 surefire16823363346921693188tmp surefire_010197261785329655877tmp"/>
    <property name="jdk.debug" value="release"/>
    <property name="surefire.test.class.path" value="/home/bernard/development/togoinov/user-service/target/test-classes:/home/bernard/development/togoinov/user-service/target/classes:/home/bernard/.m2/repository/org/springframework/boot/spring-boot-starter-data-jdbc/2.6.5/spring-boot-starter-data-jdbc-2.6.5.jar:/home/bernard/.m2/repository/org/springframework/boot/spring-boot-starter-jdbc/2.6.5/spring-boot-starter-jdbc-2.6.5.jar:/home/bernard/.m2/repository/com/zaxxer/HikariCP/4.0.3/HikariCP-4.0.3.jar:/home/bernard/.m2/repository/org/springframework/spring-jdbc/5.3.17/spring-jdbc-5.3.17.jar:/home/bernard/.m2/repository/org/springframework/data/spring-data-jdbc/2.3.3/spring-data-jdbc-2.3.3.jar:/home/bernard/.m2/repository/org/springframework/data/spring-data-relational/2.3.3/spring-data-relational-2.3.3.jar:/home/bernard/.m2/repository/org/springframework/data/spring-data-commons/2.6.3/spring-data-commons-2.6.3.jar:/home/bernard/.m2/repository/org/springframework/spring-tx/5.3.17/spring-tx-5.3.17.jar:/home/bernard/.m2/repository/org/springframework/spring-context/5.3.17/spring-context-5.3.17.jar:/home/bernard/.m2/repository/org/springframework/spring-expression/5.3.17/spring-expression-5.3.17.jar:/home/bernard/.m2/repository/org/springframework/spring-beans/5.3.17/spring-beans-5.3.17.jar:/home/bernard/.m2/repository/org/slf4j/slf4j-api/1.7.36/slf4j-api-1.7.36.jar:/home/bernard/.m2/repository/org/springframework/boot/spring-boot-starter-data-jpa/2.6.5/spring-boot-starter-data-jpa-2.6.5.jar:/home/bernard/.m2/repository/org/springframework/boot/spring-boot-starter-aop/2.6.5/spring-boot-starter-aop-2.6.5.jar:/home/bernard/.m2/repository/org/springframework/spring-aop/5.3.17/spring-aop-5.3.17.jar:/home/bernard/.m2/repository/org/aspectj/aspectjweaver/1.9.7/aspectjweaver-1.9.7.jar:/home/bernard/.m2/repository/jakarta/transaction/jakarta.transaction-api/1.3.3/jakarta.transaction-api-1.3.3.jar:/home/bernard/.m2/repository/jakarta/persistence/jakarta.persistence-api/2.2.3/jakarta.persistence-api-2.2.3.jar:/home/bernard/.m2/repository/org/hibernate/hibernate-core/5.6.7.Final/hibernate-core-5.6.7.Final.jar:/home/bernard/.m2/repository/org/jboss/logging/jboss-logging/3.4.3.Final/jboss-logging-3.4.3.Final.jar:/home/bernard/.m2/repository/net/bytebuddy/byte-buddy/1.11.22/byte-buddy-1.11.22.jar:/home/bernard/.m2/repository/antlr/antlr/2.7.7/antlr-2.7.7.jar:/home/bernard/.m2/repository/org/jboss/jandex/2.4.2.Final/jandex-2.4.2.Final.jar:/home/bernard/.m2/repository/com/fasterxml/classmate/1.5.1/classmate-1.5.1.jar:/home/bernard/.m2/repository/org/hibernate/common/hibernate-commons-annotations/5.1.2.Final/hibernate-commons-annotations-5.1.2.Final.jar:/home/bernard/.m2/repository/org/glassfish/jaxb/jaxb-runtime/2.3.6/jaxb-runtime-2.3.6.jar:/home/bernard/.m2/repository/org/glassfish/jaxb/txw2/2.3.6/txw2-2.3.6.jar:/home/bernard/.m2/repository/com/sun/istack/istack-commons-runtime/3.0.12/istack-commons-runtime-3.0.12.jar:/home/bernard/.m2/repository/com/sun/activation/jakarta.activation/1.2.2/jakarta.activation-1.2.2.jar:/home/bernard/.m2/repository/org/springframework/data/spring-data-jpa/2.6.3/spring-data-jpa-2.6.3.jar:/home/bernard/.m2/repository/org/springframework/spring-orm/5.3.17/spring-orm-5.3.17.jar:/home/bernard/.m2/repository/org/springframework/spring-aspects/5.3.17/spring-aspects-5.3.17.jar:/home/bernard/.m2/repository/org/flywaydb/flyway-core/8.0.5/flyway-core-8.0.5.jar:/home/bernard/.m2/repository/org/springframework/boot/spring-boot-devtools/2.6.5/spring-boot-devtools-2.6.5.jar:/home/bernard/.m2/repository/org/springframework/boot/spring-boot/2.6.5/spring-boot-2.6.5.jar:/home/bernard/.m2/repository/org/springframework/boot/spring-boot-autoconfigure/2.6.5/spring-boot-autoconfigure-2.6.5.jar:/home/bernard/.m2/repository/org/postgresql/postgresql/42.3.3/postgresql-42.3.3.jar:/home/bernard/.m2/repository/org/checkerframework/checker-qual/3.5.0/checker-qual-3.5.0.jar:/home/bernard/.m2/repository/org/projectlombok/lombok/1.18.22/lombok-1.18.22.jar:/home/bernard/.m2/repository/org/springframework/boot/spring-boot-starter-test/2.6.5/spring-boot-starter-test-2.6.5.jar:/home/bernard/.m2/repository/org/springframework/boot/spring-boot-starter/2.6.5/spring-boot-starter-2.6.5.jar:/home/bernard/.m2/repository/org/springframework/boot/spring-boot-starter-logging/2.6.5/spring-boot-starter-logging-2.6.5.jar:/home/bernard/.m2/repository/ch/qos/logback/logback-classic/1.2.11/logback-classic-1.2.11.jar:/home/bernard/.m2/repository/ch/qos/logback/logback-core/1.2.11/logback-core-1.2.11.jar:/home/bernard/.m2/repository/org/apache/logging/log4j/log4j-to-slf4j/2.17.2/log4j-to-slf4j-2.17.2.jar:/home/bernard/.m2/repository/org/apache/logging/log4j/log4j-api/2.17.2/log4j-api-2.17.2.jar:/home/bernard/.m2/repository/org/slf4j/jul-to-slf4j/1.7.36/jul-to-slf4j-1.7.36.jar:/home/bernard/.m2/repository/jakarta/annotation/jakarta.annotation-api/1.3.5/jakarta.annotation-api-1.3.5.jar:/home/bernard/.m2/repository/org/yaml/snakeyaml/1.29/snakeyaml-1.29.jar:/home/bernard/.m2/repository/org/springframework/boot/spring-boot-test/2.6.5/spring-boot-test-2.6.5.jar:/home/bernard/.m2/repository/org/springframework/boot/spring-boot-test-autoconfigure/2.6.5/spring-boot-test-autoconfigure-2.6.5.jar:/home/bernard/.m2/repository/com/jayway/jsonpath/json-path/2.6.0/json-path-2.6.0.jar:/home/bernard/.m2/repository/net/minidev/json-smart/2.4.8/json-smart-2.4.8.jar:/home/bernard/.m2/repository/net/minidev/accessors-smart/2.4.8/accessors-smart-2.4.8.jar:/home/bernard/.m2/repository/org/ow2/asm/asm/9.1/asm-9.1.jar:/home/bernard/.m2/repository/jakarta/xml/bind/jakarta.xml.bind-api/2.3.3/jakarta.xml.bind-api-2.3.3.jar:/home/bernard/.m2/repository/jakarta/activation/jakarta.activation-api/1.2.2/jakarta.activation-api-1.2.2.jar:/home/bernard/.m2/repository/org/assertj/assertj-core/3.21.0/assertj-core-3.21.0.jar:/home/bernard/.m2/repository/org/hamcrest/hamcrest/2.2/hamcrest-2.2.jar:/home/bernard/.m2/repository/org/junit/jupiter/junit-jupiter/5.8.2/junit-jupiter-5.8.2.jar:/home/bernard/.m2/repository/org/junit/jupiter/junit-jupiter-api/5.8.2/junit-jupiter-api-5.8.2.jar:/home/bernard/.m2/repository/org/opentest4j/opentest4j/1.2.0/opentest4j-1.2.0.jar:/home/bernard/.m2/repository/org/junit/platform/junit-platform-commons/1.8.2/junit-platform-commons-1.8.2.jar:/home/bernard/.m2/repository/org/apiguardian/apiguardian-api/1.1.2/apiguardian-api-1.1.2.jar:/home/bernard/.m2/repository/org/junit/jupiter/junit-jupiter-params/5.8.2/junit-jupiter-params-5.8.2.jar:/home/bernard/.m2/repository/org/junit/jupiter/junit-jupiter-engine/5.8.2/junit-jupiter-engine-5.8.2.jar:/home/bernard/.m2/repository/org/junit/platform/junit-platform-engine/1.8.2/junit-platform-engine-1.8.2.jar:/home/bernard/.m2/repository/org/mockito/mockito-core/4.0.0/mockito-core-4.0.0.jar:/home/bernard/.m2/repository/net/bytebuddy/byte-buddy-agent/1.11.22/byte-buddy-agent-1.11.22.jar:/home/bernard/.m2/repository/org/objenesis/objenesis/3.2/objenesis-3.2.jar:/home/bernard/.m2/repository/org/mockito/mockito-junit-jupiter/4.0.0/mockito-junit-jupiter-4.0.0.jar:/home/bernard/.m2/repository/org/skyscreamer/jsonassert/1.5.0/jsonassert-1.5.0.jar:/home/bernard/.m2/repository/com/vaadin/external/google/android-json/0.0.20131108.vaadin1/android-json-0.0.20131108.vaadin1.jar:/home/bernard/.m2/repository/org/springframework/spring-core/5.3.17/spring-core-5.3.17.jar:/home/bernard/.m2/repository/org/springframework/spring-jcl/5.3.17/spring-jcl-5.3.17.jar:/home/bernard/.m2/repository/org/springframework/spring-test/5.3.17/spring-test-5.3.17.jar:/home/bernard/.m2/repository/org/xmlunit/xmlunit-core/2.8.4/xmlunit-core-2.8.4.jar:"/>
    <property name="sun.cpu.endian" value="little"/>
    <property name="user.home" value="/home/bernard"/>
    <property name="user.language" value="en"/>
    <property name="java.specification.vendor" value="Oracle Corporation"/>
    <property name="java.version.date" value="2021-01-19"/>
    <property name="java.home" value="/usr/lib/jvm/java-15-oracle"/>
    <property name="file.separator" value="/"/>
    <property name="basedir" value="/home/bernard/development/togoinov/user-service"/>
    <property name="java.vm.compressedOopsMode" value="Zero based"/>
    <property name="line.separator" value="&#10;"/>
    <property name="java.vm.specification.vendor" value="Oracle Corporation"/>
    <property name="java.specification.name" value="Java Platform API Specification"/>
    <property name="surefire.real.class.path" value="/home/bernard/development/togoinov/user-service/target/surefire/surefirebooter15139114403827128978.jar"/>
    <property name="sun.management.compiler" value="HotSpot 64-Bit Tiered Compilers"/>
    <property name="java.runtime.version" value="15.0.2+7-27"/>
    <property name="user.name" value="bernard"/>
    <property name="path.separator" value=":"/>
    <property name="os.version" value="5.13.0-37-generic"/>
    <property name="java.runtime.name" value="Java(TM) SE Runtime Environment"/>
    <property name="file.encoding" value="UTF-8"/>
    <property name="java.vm.name" value="Java HotSpot(TM) 64-Bit Server VM"/>
    <property name="localRepository" value="/home/bernard/.m2/repository"/>
    <property name="java.vendor.url.bug" value="https://bugreport.java.com/bugreport/"/>
    <property name="java.io.tmpdir" value="/tmp"/>
    <property name="java.version" value="15.0.2"/>
    <property name="user.dir" value="/home/bernard/development/togoinov/user-service"/>
    <property name="os.arch" value="amd64"/>
    <property name="java.vm.specification.name" value="Java Virtual Machine Specification"/>
    <property name="java.library.path" value="/usr/java/packages/lib:/usr/lib64:/lib64:/lib:/usr/lib"/>
    <property name="java.vm.info" value="mixed mode, sharing"/>
    <property name="java.vendor" value="Oracle Corporation"/>
    <property name="java.vm.version" value="15.0.2+7-27"/>
    <property name="sun.io.unicode.encoding" value="UnicodeLittle"/>
    <property name="java.class.version" value="59.0"/>
  </properties>
  <testcase name="contextLoads" classname="com.togoinov.user.UserServiceApplicationTests" time="0.197"/>
</testsuite>