<?xml version="1.0" encoding="UTF-8"?>
<testsuite xmlns:xsi="http://www.w3.org/2001/XMLSchema-instance" xsi:noNamespaceSchemaLocation="https://maven.apache.org/surefire/maven-surefire-plugin/xsd/surefire-test-report.xsd" name="com.togoinov.user.domain.repository.UserRepositoryTest" time="0.55" tests="1" errors="0" skipped="0" failures="0">
  <properties>
    <property name="java.specification.version" value="15"/>
    <property name="sun.jnu.encoding" value="UTF-8"/>
    <property name="java.class.path" value="/home/bernard/development/togoinov/user-service/target/test-classes:/home/bernard/development/togoinov/user-service/target/classes:/home/bernard/.m2/repository/org/springframework/boot/spring-boot-starter-data-jpa/2.6.5/spring-boot-starter-data-jpa-2.6.5.jar:/home/bernard/.m2/repository/org/springframework/boot/spring-boot-starter-aop/2.6.5/spring-boot-starter-aop-2.6.5.jar:/home/bernard/.m2/repository/org/springframework/spring-aop/5.3.17/spring-aop-5.3.17.jar:/home/bernard/.m2/repository/org/aspectj/aspectjweaver/1.9.7/aspectjweaver-1.9.7.jar:/home/bernard/.m2/repository/org/springframework/boot/spring-boot-starter-jdbc/2.6.5/spring-boot-starter-jdbc-2.6.5.jar:/home/bernard/.m2/repository/com/zaxxer/HikariCP/4.0.3/HikariCP-4.0.3.jar:/home/bernard/.m2/repository/org/springframework/spring-jdbc/5.3.17/spring-jdbc-5.3.17.jar:/home/bernard/.m2/repository/jakarta/transaction/jakarta.transaction-api/1.3.3/jakarta.transaction-api-1.3.3.jar:/home/bernard/.m2/repository/jakarta/persistence/jakarta.persistence-api/2.2.3/jakarta.persistence-api-2.2.3.jar:/home/bernard/.m2/repository/org/hibernate/hibernate-core/5.6.7.Final/hibernate-core-5.6.7.Final.jar:/home/bernard/.m2/repository/org/jboss/logging/jboss-logging/3.4.3.Final/jboss-logging-3.4.3.Final.jar:/home/bernard/.m2/repository/net/bytebuddy/byte-buddy/1.11.22/byte-buddy-1.11.22.jar:/home/bernard/.m2/repository/antlr/antlr/2.7.7/antlr-2.7.7.jar:/home/bernard/.m2/repository/org/jboss/jandex/2.4.2.Final/jandex-2.4.2.Final.jar:/home/bernard/.m2/repository/org/hibernate/common/hibernate-commons-annotations/5.1.2.Final/hibernate-commons-annotations-5.1.2.Final.jar:/home/bernard/.m2/repository/org/glassfish/jaxb/jaxb-runtime/2.3.6/jaxb-runtime-2.3.6.jar:/home/bernard/.m2/repository/org/glassfish/jaxb/txw2/2.3.6/txw2-2.3.6.jar:/home/bernard/.m2/repository/com/sun/istack/istack-commons-runtime/3.0.12/istack-commons-runtime-3.0.12.jar:/home/bernard/.m2/repository/com/sun/activation/jakarta.activation/1.2.2/jakarta.activation-1.2.2.jar:/home/bernard/.m2/repository/org/springframework/data/spring-data-jpa/2.6.3/spring-data-jpa-2.6.3.jar:/home/bernard/.m2/repository/org/springframework/data/spring-data-commons/2.6.3/spring-data-commons-2.6.3.jar:/home/bernard/.m2/repository/org/springframework/spring-orm/5.3.17/spring-orm-5.3.17.jar:/home/bernard/.m2/repository/org/springframework/spring-context/5.3.17/spring-context-5.3.17.jar:/home/bernard/.m2/repository/org/springframework/spring-tx/5.3.17/spring-tx-5.3.17.jar:/home/bernard/.m2/repository/org/springframework/spring-beans/5.3.17/spring-beans-5.3.17.jar:/home/bernard/.m2/repository/org/springframework/spring-aspects/5.3.17/spring-aspects-5.3.17.jar:/home/bernard/.m2/repository/org/springframework/boot/spring-boot-starter-web/2.6.5/spring-boot-starter-web-2.6.5.jar:/home/bernard/.m2/repository/org/springframework/boot/spring-boot-starter/2.6.5/spring-boot-starter-2.6.5.jar:/home/bernard/.m2/repository/org/springframework/boot/spring-boot-starter-logging/2.6.5/spring-boot-starter-logging-2.6.5.jar:/home/bernard/.m2/repository/ch/qos/logback/logback-classic/1.2.11/logback-classic-1.2.11.jar:/home/bernard/.m2/repository/ch/qos/logback/logback-core/1.2.11/logback-core-1.2.11.jar:/home/bernard/.m2/repository/org/apache/logging/log4j/log4j-to-slf4j/2.17.2/log4j-to-slf4j-2.17.2.jar:/home/bernard/.m2/repository/org/apache/logging/log4j/log4j-api/2.17.2/log4j-api-2.17.2.jar:/home/bernard/.m2/repository/org/slf4j/jul-to-slf4j/1.7.36/jul-to-slf4j-1.7.36.jar:/home/bernard/.m2/repository/jakarta/annotation/jakarta.annotation-api/1.3.5/jakarta.annotation-api-1.3.5.jar:/home/bernard/.m2/repository/org/yaml/snakeyaml/1.29/snakeyaml-1.29.jar:/home/bernard/.m2/repository/org/springframework/boot/spring-boot-starter-json/2.6.5/spring-boot-starter-json-2.6.5.jar:/home/bernard/.m2/repository/com/fasterxml/jackson/datatype/jackson-datatype-jdk8/2.13.2/jackson-datatype-jdk8-2.13.2.jar:/home/bernard/.m2/repository/com/fasterxml/jackson/datatype/jackson-datatype-jsr310/2.13.2/jackson-datatype-jsr310-2.13.2.jar:/home/bernard/.m2/repository/com/fasterxml/jackson/module/jackson-module-parameter-names/2.13.2/jackson-module-parameter-names-2.13.2.jar:/home/bernard/.m2/repository/org/springframework/boot/spring-boot-starter-tomcat/2.6.5/spring-boot-starter-tomcat-2.6.5.jar:/home/bernard/.m2/repository/org/apache/tomcat/embed/tomcat-embed-core/9.0.60/tomcat-embed-core-9.0.60.jar:/home/bernard/.m2/repository/org/apache/tomcat/embed/tomcat-embed-el/9.0.60/tomcat-embed-el-9.0.60.jar:/home/bernard/.m2/repository/org/apache/tomcat/embed/tomcat-embed-websocket/9.0.60/tomcat-embed-websocket-9.0.60.jar:/home/bernard/.m2/repository/org/springframework/spring-web/5.3.17/spring-web-5.3.17.jar:/home/bernard/.m2/repository/org/springframework/spring-webmvc/5.3.17/spring-webmvc-5.3.17.jar:/home/bernard/.m2/repository/org/springframework/spring-expression/5.3.17/spring-expression-5.3.17.jar:/home/bernard/.m2/repository/org/flywaydb/flyway-core/8.0.5/flyway-core-8.0.5.jar:/home/bernard/.m2/repository/io/springfox/springfox-swagger2/3.0.0/springfox-swagger2-3.0.0.jar:/home/bernard/.m2/repository/io/springfox/springfox-spi/3.0.0/springfox-spi-3.0.0.jar:/home/bernard/.m2/repository/io/springfox/springfox-core/3.0.0/springfox-core-3.0.0.jar:/home/bernard/.m2/repository/io/springfox/springfox-schema/3.0.0/springfox-schema-3.0.0.jar:/home/bernard/.m2/repository/io/springfox/springfox-swagger-common/3.0.0/springfox-swagger-common-3.0.0.jar:/home/bernard/.m2/repository/io/swagger/core/v3/swagger-annotations/2.1.2/swagger-annotations-2.1.2.jar:/home/bernard/.m2/repository/io/springfox/springfox-spring-web/3.0.0/springfox-spring-web-3.0.0.jar:/home/bernard/.m2/repository/io/springfox/springfox-spring-webmvc/3.0.0/springfox-spring-webmvc-3.0.0.jar:/home/bernard/.m2/repository/io/springfox/springfox-spring-webflux/3.0.0/springfox-spring-webflux-3.0.0.jar:/home/bernard/.m2/repository/com/fasterxml/classmate/1.5.1/classmate-1.5.1.jar:/home/bernard/.m2/repository/org/slf4j/slf4j-api/1.7.36/slf4j-api-1.7.36.jar:/home/bernard/.m2/repository/org/springframework/plugin/spring-plugin-core/2.0.0.RELEASE/spring-plugin-core-2.0.0.RELEASE.jar:/home/bernard/.m2/repository/org/springframework/plugin/spring-plugin-metadata/2.0.0.RELEASE/spring-plugin-metadata-2.0.0.RELEASE.jar:/home/bernard/.m2/repository/io/swagger/swagger-annotations/1.5.20/swagger-annotations-1.5.20.jar:/home/bernard/.m2/repository/io/swagger/swagger-models/1.5.20/swagger-models-1.5.20.jar:/home/bernard/.m2/repository/org/mapstruct/mapstruct/1.3.1.Final/mapstruct-1.3.1.Final.jar:/home/bernard/.m2/repository/io/springfox/springfox-swagger-ui/3.0.0/springfox-swagger-ui-3.0.0.jar:/home/bernard/.m2/repository/io/springfox/springfox-boot-starter/3.0.0/springfox-boot-starter-3.0.0.jar:/home/bernard/.m2/repository/io/springfox/springfox-oas/3.0.0/springfox-oas-3.0.0.jar:/home/bernard/.m2/repository/io/swagger/core/v3/swagger-models/2.1.2/swagger-models-2.1.2.jar:/home/bernard/.m2/repository/io/springfox/springfox-data-rest/3.0.0/springfox-data-rest-3.0.0.jar:/home/bernard/.m2/repository/io/springfox/springfox-bean-validators/3.0.0/springfox-bean-validators-3.0.0.jar:/home/bernard/.m2/repository/org/springdoc/springdoc-openapi-ui/1.6.6/springdoc-openapi-ui-1.6.6.jar:/home/bernard/.m2/repository/org/springdoc/springdoc-openapi-webmvc-core/1.6.6/springdoc-openapi-webmvc-core-1.6.6.jar:/home/bernard/.m2/repository/org/springdoc/springdoc-openapi-common/1.6.6/springdoc-openapi-common-1.6.6.jar:/home/bernard/.m2/repository/io/swagger/core/v3/swagger-core/2.1.12/swagger-core-2.1.12.jar:/home/bernard/.m2/repository/com/fasterxml/jackson/dataformat/jackson-dataformat-yaml/2.13.2/jackson-dataformat-yaml-2.13.2.jar:/home/bernard/.m2/repository/jakarta/validation/jakarta.validation-api/2.0.2/jakarta.validation-api-2.0.2.jar:/home/bernard/.m2/repository/org/webjars/swagger-ui/4.5.0/swagger-ui-4.5.0.jar:/home/bernard/.m2/repository/org/webjars/webjars-locator-core/0.48/webjars-locator-core-0.48.jar:/home/bernard/.m2/repository/io/github/classgraph/classgraph/4.8.138/classgraph-4.8.138.jar:/home/bernard/.m2/repository/org/springframework/boot/spring-boot-devtools/2.6.5/spring-boot-devtools-2.6.5.jar:/home/bernard/.m2/repository/org/springframework/boot/spring-boot/2.6.5/spring-boot-2.6.5.jar:/home/bernard/.m2/repository/org/springframework/boot/spring-boot-autoconfigure/2.6.5/spring-boot-autoconfigure-2.6.5.jar:/home/bernard/.m2/repository/org/postgresql/postgresql/42.3.3/postgresql-42.3.3.jar:/home/bernard/.m2/repository/org/checkerframework/checker-qual/3.5.0/checker-qual-3.5.0.jar:/home/bernard/.m2/repository/org/projectlombok/lombok/1.18.22/lombok-1.18.22.jar:/home/bernard/.m2/repository/com/fasterxml/jackson/core/jackson-core/2.13.2/jackson-core-2.13.2.jar:/home/bernard/.m2/repository/com/fasterxml/jackson/core/jackson-annotations/2.13.2/jackson-annotations-2.13.2.jar:/home/bernard/.m2/repository/com/fasterxml/jackson/core/jackson-databind/2.13.2.1/jackson-databind-2.13.2.1.jar:/home/bernard/.m2/repository/net/logstash/logback/logstash-logback-encoder/7.0.1/logstash-logback-encoder-7.0.1.jar:/home/bernard/.m2/repository/org/springframework/boot/spring-boot-starter-test/2.6.5/spring-boot-starter-test-2.6.5.jar:/home/bernard/.m2/repository/org/springframework/boot/spring-boot-test/2.6.5/spring-boot-test-2.6.5.jar:/home/bernard/.m2/repository/org/springframework/boot/spring-boot-test-autoconfigure/2.6.5/spring-boot-test-autoconfigure-2.6.5.jar:/home/bernard/.m2/repository/com/jayway/jsonpath/json-path/2.6.0/json-path-2.6.0.jar:/home/bernard/.m2/repository/net/minidev/json-smart/2.4.8/json-smart-2.4.8.jar:/home/bernard/.m2/repository/net/minidev/accessors-smart/2.4.8/accessors-smart-2.4.8.jar:/home/bernard/.m2/repository/org/ow2/asm/asm/9.1/asm-9.1.jar:/home/bernard/.m2/repository/jakarta/xml/bind/jakarta.xml.bind-api/2.3.3/jakarta.xml.bind-api-2.3.3.jar:/home/bernard/.m2/repository/jakarta/activation/jakarta.activation-api/1.2.2/jakarta.activation-api-1.2.2.jar:/home/bernard/.m2/repository/org/assertj/assertj-core/3.21.0/assertj-core-3.21.0.jar:/home/bernard/.m2/repository/org/hamcrest/hamcrest/2.2/hamcrest-2.2.jar:/home/bernard/.m2/repository/org/junit/jupiter/junit-jupiter/5.8.2/junit-jupiter-5.8.2.jar:/home/bernard/.m2/repository/org/junit/jupiter/junit-jupiter-api/5.8.2/junit-jupiter-api-5.8.2.jar:/home/bernard/.m2/repository/org/junit/jupiter/junit-jupiter-params/5.8.2/junit-jupiter-params-5.8.2.jar:/home/bernard/.m2/repository/org/junit/jupiter/junit-jupiter-engine/5.8.2/junit-jupiter-engine-5.8.2.jar:/home/bernard/.m2/repository/org/mockito/mockito-core/4.0.0/mockito-core-4.0.0.jar:/home/bernard/.m2/repository/net/bytebuddy/byte-buddy-agent/1.11.22/byte-buddy-agent-1.11.22.jar:/home/bernard/.m2/repository/org/objenesis/objenesis/3.2/objenesis-3.2.jar:/home/bernard/.m2/repository/org/mockito/mockito-junit-jupiter/4.0.0/mockito-junit-jupiter-4.0.0.jar:/home/bernard/.m2/repository/org/skyscreamer/jsonassert/1.5.0/jsonassert-1.5.0.jar:/home/bernard/.m2/repository/com/vaadin/external/google/android-json/0.0.20131108.vaadin1/android-json-0.0.20131108.vaadin1.jar:/home/bernard/.m2/repository/org/springframework/spring-core/5.3.17/spring-core-5.3.17.jar:/home/bernard/.m2/repository/org/springframework/spring-jcl/5.3.17/spring-jcl-5.3.17.jar:/home/bernard/.m2/repository/org/springframework/spring-test/5.3.17/spring-test-5.3.17.jar:/home/bernard/.m2/repository/org/xmlunit/xmlunit-core/2.8.4/xmlunit-core-2.8.4.jar:/home/bernard/.m2/repository/com/h2database/h2/1.4.200/h2-1.4.200.jar:/home/bernard/.m2/repository/org/junit/platform/junit-platform-runner/1.8.2/junit-platform-runner-1.8.2.jar:/home/bernard/.m2/repository/junit/junit/4.13.2/junit-4.13.2.jar:/home/bernard/.m2/repository/org/hamcrest/hamcrest-core/2.2/hamcrest-core-2.2.jar:/home/bernard/.m2/repository/org/junit/platform/junit-platform-launcher/1.8.2/junit-platform-launcher-1.8.2.jar:/home/bernard/.m2/repository/org/junit/platform/junit-platform-suite-api/1.8.2/junit-platform-suite-api-1.8.2.jar:/home/bernard/.m2/repository/org/junit/platform/junit-platform-commons/1.8.2/junit-platform-commons-1.8.2.jar:/home/bernard/.m2/repository/org/apiguardian/apiguardian-api/1.1.2/apiguardian-api-1.1.2.jar:/home/bernard/.m2/repository/org/junit/platform/junit-platform-suite-commons/1.8.2/junit-platform-suite-commons-1.8.2.jar:/home/bernard/.m2/repository/io/rest-assured/rest-assured/4.4.0/rest-assured-4.4.0.jar:/home/bernard/.m2/repository/org/codehaus/groovy/groovy/3.0.10/groovy-3.0.10.jar:/home/bernard/.m2/repository/org/codehaus/groovy/groovy-xml/3.0.10/groovy-xml-3.0.10.jar:/home/bernard/.m2/repository/org/apache/httpcomponents/httpclient/4.5.13/httpclient-4.5.13.jar:/home/bernard/.m2/repository/org/apache/httpcomponents/httpcore/4.4.15/httpcore-4.4.15.jar:/home/bernard/.m2/repository/commons-codec/commons-codec/1.15/commons-codec-1.15.jar:/home/bernard/.m2/repository/org/apache/httpcomponents/httpmime/4.5.13/httpmime-4.5.13.jar:/home/bernard/.m2/repository/org/ccil/cowan/tagsoup/tagsoup/1.2.1/tagsoup-1.2.1.jar:/home/bernard/.m2/repository/io/rest-assured/json-path/4.4.0/json-path-4.4.0.jar:/home/bernard/.m2/repository/org/codehaus/groovy/groovy-json/3.0.10/groovy-json-3.0.10.jar:/home/bernard/.m2/repository/io/rest-assured/rest-assured-common/4.4.0/rest-assured-common-4.4.0.jar:/home/bernard/.m2/repository/io/rest-assured/xml-path/4.4.0/xml-path-4.4.0.jar:/home/bernard/.m2/repository/org/apache/commons/commons-lang3/3.12.0/commons-lang3-3.12.0.jar:/home/bernard/.m2/repository/com/sun/xml/bind/jaxb-impl/2.3.3/jaxb-impl-2.3.3.jar:/home/bernard/.m2/repository/io/rest-assured/spring-mock-mvc/4.4.0/spring-mock-mvc-4.4.0.jar:/home/bernard/.m2/repository/io/rest-assured/spring-commons/4.4.0/spring-commons-4.4.0.jar:/home/bernard/.m2/repository/org/junit/vintage/junit-vintage-engine/5.8.2/junit-vintage-engine-5.8.2.jar:/home/bernard/.m2/repository/org/junit/platform/junit-platform-engine/1.8.2/junit-platform-engine-1.8.2.jar:/home/bernard/.m2/repository/org/opentest4j/opentest4j/1.2.0/opentest4j-1.2.0.jar:"/>
    <property name="java.vm.vendor" value="Oracle Corporation"/>
    <property name="sun.arch.data.model" value="64"/>
    <property name="java.vendor.url" value="https://java.oracle.com/"/>
    <property name="os.name" value="Linux"/>
    <property name="java.vm.specification.version" value="15"/>
    <property name="sun.java.launcher" value="SUN_STANDARD"/>
    <property name="user.country" value="US"/>
    <property name="sun.boot.library.path" value="/usr/lib/jvm/java-15-oracle/lib"/>
    <property name="sun.java.command" value="/home/bernard/development/togoinov/user-service/target/surefire/surefirebooter16784296757666630323.jar /home/bernard/development/togoinov/user-service/target/surefire 2022-04-19T21-59-41_598-jvmRun1 surefire10864083475462953149tmp surefire_016960733307443409735tmp"/>
    <property name="jdk.debug" value="release"/>
    <property name="surefire.test.class.path" value="/home/bernard/development/togoinov/user-service/target/test-classes:/home/bernard/development/togoinov/user-service/target/classes:/home/bernard/.m2/repository/org/springframework/boot/spring-boot-starter-data-jpa/2.6.5/spring-boot-starter-data-jpa-2.6.5.jar:/home/bernard/.m2/repository/org/springframework/boot/spring-boot-starter-aop/2.6.5/spring-boot-starter-aop-2.6.5.jar:/home/bernard/.m2/repository/org/springframework/spring-aop/5.3.17/spring-aop-5.3.17.jar:/home/bernard/.m2/repository/org/aspectj/aspectjweaver/1.9.7/aspectjweaver-1.9.7.jar:/home/bernard/.m2/repository/org/springframework/boot/spring-boot-starter-jdbc/2.6.5/spring-boot-starter-jdbc-2.6.5.jar:/home/bernard/.m2/repository/com/zaxxer/HikariCP/4.0.3/HikariCP-4.0.3.jar:/home/bernard/.m2/repository/org/springframework/spring-jdbc/5.3.17/spring-jdbc-5.3.17.jar:/home/bernard/.m2/repository/jakarta/transaction/jakarta.transaction-api/1.3.3/jakarta.transaction-api-1.3.3.jar:/home/bernard/.m2/repository/jakarta/persistence/jakarta.persistence-api/2.2.3/jakarta.persistence-api-2.2.3.jar:/home/bernard/.m2/repository/org/hibernate/hibernate-core/5.6.7.Final/hibernate-core-5.6.7.Final.jar:/home/bernard/.m2/repository/org/jboss/logging/jboss-logging/3.4.3.Final/jboss-logging-3.4.3.Final.jar:/home/bernard/.m2/repository/net/bytebuddy/byte-buddy/1.11.22/byte-buddy-1.11.22.jar:/home/bernard/.m2/repository/antlr/antlr/2.7.7/antlr-2.7.7.jar:/home/bernard/.m2/repository/org/jboss/jandex/2.4.2.Final/jandex-2.4.2.Final.jar:/home/bernard/.m2/repository/org/hibernate/common/hibernate-commons-annotations/5.1.2.Final/hibernate-commons-annotations-5.1.2.Final.jar:/home/bernard/.m2/repository/org/glassfish/jaxb/jaxb-runtime/2.3.6/jaxb-runtime-2.3.6.jar:/home/bernard/.m2/repository/org/glassfish/jaxb/txw2/2.3.6/txw2-2.3.6.jar:/home/bernard/.m2/repository/com/sun/istack/istack-commons-runtime/3.0.12/istack-commons-runtime-3.0.12.jar:/home/bernard/.m2/repository/com/sun/activation/jakarta.activation/1.2.2/jakarta.activation-1.2.2.jar:/home/bernard/.m2/repository/org/springframework/data/spring-data-jpa/2.6.3/spring-data-jpa-2.6.3.jar:/home/bernard/.m2/repository/org/springframework/data/spring-data-commons/2.6.3/spring-data-commons-2.6.3.jar:/home/bernard/.m2/repository/org/springframework/spring-orm/5.3.17/spring-orm-5.3.17.jar:/home/bernard/.m2/repository/org/springframework/spring-context/5.3.17/spring-context-5.3.17.jar:/home/bernard/.m2/repository/org/springframework/spring-tx/5.3.17/spring-tx-5.3.17.jar:/home/bernard/.m2/repository/org/springframework/spring-beans/5.3.17/spring-beans-5.3.17.jar:/home/bernard/.m2/repository/org/springframework/spring-aspects/5.3.17/spring-aspects-5.3.17.jar:/home/bernard/.m2/repository/org/springframework/boot/spring-boot-starter-web/2.6.5/spring-boot-starter-web-2.6.5.jar:/home/bernard/.m2/repository/org/springframework/boot/spring-boot-starter/2.6.5/spring-boot-starter-2.6.5.jar:/home/bernard/.m2/repository/org/springframework/boot/spring-boot-starter-logging/2.6.5/spring-boot-starter-logging-2.6.5.jar:/home/bernard/.m2/repository/ch/qos/logback/logback-classic/1.2.11/logback-classic-1.2.11.jar:/home/bernard/.m2/repository/ch/qos/logback/logback-core/1.2.11/logback-core-1.2.11.jar:/home/bernard/.m2/repository/org/apache/logging/log4j/log4j-to-slf4j/2.17.2/log4j-to-slf4j-2.17.2.jar:/home/bernard/.m2/repository/org/apache/logging/log4j/log4j-api/2.17.2/log4j-api-2.17.2.jar:/home/bernard/.m2/repository/org/slf4j/jul-to-slf4j/1.7.36/jul-to-slf4j-1.7.36.jar:/home/bernard/.m2/repository/jakarta/annotation/jakarta.annotation-api/1.3.5/jakarta.annotation-api-1.3.5.jar:/home/bernard/.m2/repository/org/yaml/snakeyaml/1.29/snakeyaml-1.29.jar:/home/bernard/.m2/repository/org/springframework/boot/spring-boot-starter-json/2.6.5/spring-boot-starter-json-2.6.5.jar:/home/bernard/.m2/repository/com/fasterxml/jackson/datatype/jackson-datatype-jdk8/2.13.2/jackson-datatype-jdk8-2.13.2.jar:/home/bernard/.m2/repository/com/fasterxml/jackson/datatype/jackson-datatype-jsr310/2.13.2/jackson-datatype-jsr310-2.13.2.jar:/home/bernard/.m2/repository/com/fasterxml/jackson/module/jackson-module-parameter-names/2.13.2/jackson-module-parameter-names-2.13.2.jar:/home/bernard/.m2/repository/org/springframework/boot/spring-boot-starter-tomcat/2.6.5/spring-boot-starter-tomcat-2.6.5.jar:/home/bernard/.m2/repository/org/apache/tomcat/embed/tomcat-embed-core/9.0.60/tomcat-embed-core-9.0.60.jar:/home/bernard/.m2/repository/org/apache/tomcat/embed/tomcat-embed-el/9.0.60/tomcat-embed-el-9.0.60.jar:/home/bernard/.m2/repository/org/apache/tomcat/embed/tomcat-embed-websocket/9.0.60/tomcat-embed-websocket-9.0.60.jar:/home/bernard/.m2/repository/org/springframework/spring-web/5.3.17/spring-web-5.3.17.jar:/home/bernard/.m2/repository/org/springframework/spring-webmvc/5.3.17/spring-webmvc-5.3.17.jar:/home/bernard/.m2/repository/org/springframework/spring-expression/5.3.17/spring-expression-5.3.17.jar:/home/bernard/.m2/repository/org/flywaydb/flyway-core/8.0.5/flyway-core-8.0.5.jar:/home/bernard/.m2/repository/io/springfox/springfox-swagger2/3.0.0/springfox-swagger2-3.0.0.jar:/home/bernard/.m2/repository/io/springfox/springfox-spi/3.0.0/springfox-spi-3.0.0.jar:/home/bernard/.m2/repository/io/springfox/springfox-core/3.0.0/springfox-core-3.0.0.jar:/home/bernard/.m2/repository/io/springfox/springfox-schema/3.0.0/springfox-schema-3.0.0.jar:/home/bernard/.m2/repository/io/springfox/springfox-swagger-common/3.0.0/springfox-swagger-common-3.0.0.jar:/home/bernard/.m2/repository/io/swagger/core/v3/swagger-annotations/2.1.2/swagger-annotations-2.1.2.jar:/home/bernard/.m2/repository/io/springfox/springfox-spring-web/3.0.0/springfox-spring-web-3.0.0.jar:/home/bernard/.m2/repository/io/springfox/springfox-spring-webmvc/3.0.0/springfox-spring-webmvc-3.0.0.jar:/home/bernard/.m2/repository/io/springfox/springfox-spring-webflux/3.0.0/springfox-spring-webflux-3.0.0.jar:/home/bernard/.m2/repository/com/fasterxml/classmate/1.5.1/classmate-1.5.1.jar:/home/bernard/.m2/repository/org/slf4j/slf4j-api/1.7.36/slf4j-api-1.7.36.jar:/home/bernard/.m2/repository/org/springframework/plugin/spring-plugin-core/2.0.0.RELEASE/spring-plugin-core-2.0.0.RELEASE.jar:/home/bernard/.m2/repository/org/springframework/plugin/spring-plugin-metadata/2.0.0.RELEASE/spring-plugin-metadata-2.0.0.RELEASE.jar:/home/bernard/.m2/repository/io/swagger/swagger-annotations/1.5.20/swagger-annotations-1.5.20.jar:/home/bernard/.m2/repository/io/swagger/swagger-models/1.5.20/swagger-models-1.5.20.jar:/home/bernard/.m2/repository/org/mapstruct/mapstruct/1.3.1.Final/mapstruct-1.3.1.Final.jar:/home/bernard/.m2/repository/io/springfox/springfox-swagger-ui/3.0.0/springfox-swagger-ui-3.0.0.jar:/home/bernard/.m2/repository/io/springfox/springfox-boot-starter/3.0.0/springfox-boot-starter-3.0.0.jar:/home/bernard/.m2/repository/io/springfox/springfox-oas/3.0.0/springfox-oas-3.0.0.jar:/home/bernard/.m2/repository/io/swagger/core/v3/swagger-models/2.1.2/swagger-models-2.1.2.jar:/home/bernard/.m2/repository/io/springfox/springfox-data-rest/3.0.0/springfox-data-rest-3.0.0.jar:/home/bernard/.m2/repository/io/springfox/springfox-bean-validators/3.0.0/springfox-bean-validators-3.0.0.jar:/home/bernard/.m2/repository/org/springdoc/springdoc-openapi-ui/1.6.6/springdoc-openapi-ui-1.6.6.jar:/home/bernard/.m2/repository/org/springdoc/springdoc-openapi-webmvc-core/1.6.6/springdoc-openapi-webmvc-core-1.6.6.jar:/home/bernard/.m2/repository/org/springdoc/springdoc-openapi-common/1.6.6/springdoc-openapi-common-1.6.6.jar:/home/bernard/.m2/repository/io/swagger/core/v3/swagger-core/2.1.12/swagger-core-2.1.12.jar:/home/bernard/.m2/repository/com/fasterxml/jackson/dataformat/jackson-dataformat-yaml/2.13.2/jackson-dataformat-yaml-2.13.2.jar:/home/bernard/.m2/repository/jakarta/validation/jakarta.validation-api/2.0.2/jakarta.validation-api-2.0.2.jar:/home/bernard/.m2/repository/org/webjars/swagger-ui/4.5.0/swagger-ui-4.5.0.jar:/home/bernard/.m2/repository/org/webjars/webjars-locator-core/0.48/webjars-locator-core-0.48.jar:/home/bernard/.m2/repository/io/github/classgraph/classgraph/4.8.138/classgraph-4.8.138.jar:/home/bernard/.m2/repository/org/springframework/boot/spring-boot-devtools/2.6.5/spring-boot-devtools-2.6.5.jar:/home/bernard/.m2/repository/org/springframework/boot/spring-boot/2.6.5/spring-boot-2.6.5.jar:/home/bernard/.m2/repository/org/springframework/boot/spring-boot-autoconfigure/2.6.5/spring-boot-autoconfigure-2.6.5.jar:/home/bernard/.m2/repository/org/postgresql/postgresql/42.3.3/postgresql-42.3.3.jar:/home/bernard/.m2/repository/org/checkerframework/checker-qual/3.5.0/checker-qual-3.5.0.jar:/home/bernard/.m2/repository/org/projectlombok/lombok/1.18.22/lombok-1.18.22.jar:/home/bernard/.m2/repository/com/fasterxml/jackson/core/jackson-core/2.13.2/jackson-core-2.13.2.jar:/home/bernard/.m2/repository/com/fasterxml/jackson/core/jackson-annotations/2.13.2/jackson-annotations-2.13.2.jar:/home/bernard/.m2/repository/com/fasterxml/jackson/core/jackson-databind/2.13.2.1/jackson-databind-2.13.2.1.jar:/home/bernard/.m2/repository/net/logstash/logback/logstash-logback-encoder/7.0.1/logstash-logback-encoder-7.0.1.jar:/home/bernard/.m2/repository/org/springframework/boot/spring-boot-starter-test/2.6.5/spring-boot-starter-test-2.6.5.jar:/home/bernard/.m2/repository/org/springframework/boot/spring-boot-test/2.6.5/spring-boot-test-2.6.5.jar:/home/bernard/.m2/repository/org/springframework/boot/spring-boot-test-autoconfigure/2.6.5/spring-boot-test-autoconfigure-2.6.5.jar:/home/bernard/.m2/repository/com/jayway/jsonpath/json-path/2.6.0/json-path-2.6.0.jar:/home/bernard/.m2/repository/net/minidev/json-smart/2.4.8/json-smart-2.4.8.jar:/home/bernard/.m2/repository/net/minidev/accessors-smart/2.4.8/accessors-smart-2.4.8.jar:/home/bernard/.m2/repository/org/ow2/asm/asm/9.1/asm-9.1.jar:/home/bernard/.m2/repository/jakarta/xml/bind/jakarta.xml.bind-api/2.3.3/jakarta.xml.bind-api-2.3.3.jar:/home/bernard/.m2/repository/jakarta/activation/jakarta.activation-api/1.2.2/jakarta.activation-api-1.2.2.jar:/home/bernard/.m2/repository/org/assertj/assertj-core/3.21.0/assertj-core-3.21.0.jar:/home/bernard/.m2/repository/org/hamcrest/hamcrest/2.2/hamcrest-2.2.jar:/home/bernard/.m2/repository/org/junit/jupiter/junit-jupiter/5.8.2/junit-jupiter-5.8.2.jar:/home/bernard/.m2/repository/org/junit/jupiter/junit-jupiter-api/5.8.2/junit-jupiter-api-5.8.2.jar:/home/bernard/.m2/repository/org/junit/jupiter/junit-jupiter-params/5.8.2/junit-jupiter-params-5.8.2.jar:/home/bernard/.m2/repository/org/junit/jupiter/junit-jupiter-engine/5.8.2/junit-jupiter-engine-5.8.2.jar:/home/bernard/.m2/repository/org/mockito/mockito-core/4.0.0/mockito-core-4.0.0.jar:/home/bernard/.m2/repository/net/bytebuddy/byte-buddy-agent/1.11.22/byte-buddy-agent-1.11.22.jar:/home/bernard/.m2/repository/org/objenesis/objenesis/3.2/objenesis-3.2.jar:/home/bernard/.m2/repository/org/mockito/mockito-junit-jupiter/4.0.0/mockito-junit-jupiter-4.0.0.jar:/home/bernard/.m2/repository/org/skyscreamer/jsonassert/1.5.0/jsonassert-1.5.0.jar:/home/bernard/.m2/repository/com/vaadin/external/google/android-json/0.0.20131108.vaadin1/android-json-0.0.20131108.vaadin1.jar:/home/bernard/.m2/repository/org/springframework/spring-core/5.3.17/spring-core-5.3.17.jar:/home/bernard/.m2/repository/org/springframework/spring-jcl/5.3.17/spring-jcl-5.3.17.jar:/home/bernard/.m2/repository/org/springframework/spring-test/5.3.17/spring-test-5.3.17.jar:/home/bernard/.m2/repository/org/xmlunit/xmlunit-core/2.8.4/xmlunit-core-2.8.4.jar:/home/bernard/.m2/repository/com/h2database/h2/1.4.200/h2-1.4.200.jar:/home/bernard/.m2/repository/org/junit/platform/junit-platform-runner/1.8.2/junit-platform-runner-1.8.2.jar:/home/bernard/.m2/repository/junit/junit/4.13.2/junit-4.13.2.jar:/home/bernard/.m2/repository/org/hamcrest/hamcrest-core/2.2/hamcrest-core-2.2.jar:/home/bernard/.m2/repository/org/junit/platform/junit-platform-launcher/1.8.2/junit-platform-launcher-1.8.2.jar:/home/bernard/.m2/repository/org/junit/platform/junit-platform-suite-api/1.8.2/junit-platform-suite-api-1.8.2.jar:/home/bernard/.m2/repository/org/junit/platform/junit-platform-commons/1.8.2/junit-platform-commons-1.8.2.jar:/home/bernard/.m2/repository/org/apiguardian/apiguardian-api/1.1.2/apiguardian-api-1.1.2.jar:/home/bernard/.m2/repository/org/junit/platform/junit-platform-suite-commons/1.8.2/junit-platform-suite-commons-1.8.2.jar:/home/bernard/.m2/repository/io/rest-assured/rest-assured/4.4.0/rest-assured-4.4.0.jar:/home/bernard/.m2/repository/org/codehaus/groovy/groovy/3.0.10/groovy-3.0.10.jar:/home/bernard/.m2/repository/org/codehaus/groovy/groovy-xml/3.0.10/groovy-xml-3.0.10.jar:/home/bernard/.m2/repository/org/apache/httpcomponents/httpclient/4.5.13/httpclient-4.5.13.jar:/home/bernard/.m2/repository/org/apache/httpcomponents/httpcore/4.4.15/httpcore-4.4.15.jar:/home/bernard/.m2/repository/commons-codec/commons-codec/1.15/commons-codec-1.15.jar:/home/bernard/.m2/repository/org/apache/httpcomponents/httpmime/4.5.13/httpmime-4.5.13.jar:/home/bernard/.m2/repository/org/ccil/cowan/tagsoup/tagsoup/1.2.1/tagsoup-1.2.1.jar:/home/bernard/.m2/repository/io/rest-assured/json-path/4.4.0/json-path-4.4.0.jar:/home/bernard/.m2/repository/org/codehaus/groovy/groovy-json/3.0.10/groovy-json-3.0.10.jar:/home/bernard/.m2/repository/io/rest-assured/rest-assured-common/4.4.0/rest-assured-common-4.4.0.jar:/home/bernard/.m2/repository/io/rest-assured/xml-path/4.4.0/xml-path-4.4.0.jar:/home/bernard/.m2/repository/org/apache/commons/commons-lang3/3.12.0/commons-lang3-3.12.0.jar:/home/bernard/.m2/repository/com/sun/xml/bind/jaxb-impl/2.3.3/jaxb-impl-2.3.3.jar:/home/bernard/.m2/repository/io/rest-assured/spring-mock-mvc/4.4.0/spring-mock-mvc-4.4.0.jar:/home/bernard/.m2/repository/io/rest-assured/spring-commons/4.4.0/spring-commons-4.4.0.jar:/home/bernard/.m2/repository/org/junit/vintage/junit-vintage-engine/5.8.2/junit-vintage-engine-5.8.2.jar:/home/bernard/.m2/repository/org/junit/platform/junit-platform-engine/1.8.2/junit-platform-engine-1.8.2.jar:/home/bernard/.m2/repository/org/opentest4j/opentest4j/1.2.0/opentest4j-1.2.0.jar:"/>
    <property name="sun.cpu.endian" value="little"/>
    <property name="user.home" value="/home/bernard"/>
    <property name="user.language" value="en"/>
    <property name="java.specification.vendor" value="Oracle Corporation"/>
    <property name="java.version.date" value="2021-01-19"/>
    <property name="java.home" value="/usr/lib/jvm/java-15-oracle"/>
    <property name="file.separator" value="/"/>
    <property name="basedir" value="/home/bernard/development/togoinov/user-service"/>
    <property name="java.vm.compressedOopsMode" value="Zero based"/>
    <property name="line.separator" value="&#10;"/>
    <property name="java.vm.specification.vendor" value="Oracle Corporation"/>
    <property name="java.specification.name" value="Java Platform API Specification"/>
    <property name="surefire.real.class.path" value="/home/bernard/development/togoinov/user-service/target/surefire/surefirebooter16784296757666630323.jar"/>
    <property name="sun.management.compiler" value="HotSpot 64-Bit Tiered Compilers"/>
    <property name="java.runtime.version" value="15.0.2+7-27"/>
    <property name="user.name" value="bernard"/>
    <property name="path.separator" value=":"/>
    <property name="os.version" value="5.13.0-39-generic"/>
    <property name="java.runtime.name" value="Java(TM) SE Runtime Environment"/>
    <property name="file.encoding" value="UTF-8"/>
    <property name="java.vm.name" value="Java HotSpot(TM) 64-Bit Server VM"/>
    <property name="localRepository" value="/home/bernard/.m2/repository"/>
    <property name="java.vendor.url.bug" value="https://bugreport.java.com/bugreport/"/>
    <property name="java.io.tmpdir" value="/tmp"/>
    <property name="java.version" value="15.0.2"/>
    <property name="user.dir" value="/home/bernard/development/togoinov/user-service"/>
    <property name="os.arch" value="amd64"/>
    <property name="java.vm.specification.name" value="Java Virtual Machine Specification"/>
    <property name="java.library.path" value="/usr/java/packages/lib:/usr/lib64:/lib64:/lib:/usr/lib"/>
    <property name="java.vm.info" value="mixed mode, sharing"/>
    <property name="java.vendor" value="Oracle Corporation"/>
    <property name="java.vm.version" value="15.0.2+7-27"/>
    <property name="sun.io.unicode.encoding" value="UnicodeLittle"/>
    <property name="java.class.version" value="59.0"/>
  </properties>
  <testcase name="when_find_by_id_then_return" classname="com.togoinov.user.domain.repository.UserRepositoryTest" time="0.161"/>
</testsuite>